2021-08-23 10:03:22,002 - pyswarms.single.global_best - INFO - Optimize for 30 iters with {'c1': 1.0, 'c2': 1.0, 'w': 0.5}
2021-08-23 10:29:59,270 - pyswarms.single.global_best - INFO - Optimize for 30 iters with {'c1': 1.0, 'c2': 1.0, 'w': 0.5}
2021-08-23 10:29:59,416 - numexpr.utils - INFO - Note: NumExpr detected 12 cores but "NUMEXPR_MAX_THREADS" not set, so enforcing safe limit of 8.
2021-08-23 10:29:59,416 - numexpr.utils - INFO - NumExpr defaulting to 8 threads.
2021-08-23 10:30:04,230 - pyswarms.single.global_best - INFO - Optimization finished | best cost: -8419278.384449106, best pos: [  243.39367219   583.61008838   569.08374674   611.14247458
   517.27561169   416.62829941 10556.13498033 14476.65956163
 11827.9672416  13338.72246615 13837.98253829 11094.76006454
 11790.09080037 16488.58387466  8393.80001114 12468.86551855
 12111.21810743 16962.6848411    505.05230236   247.46872017
   726.58453191   655.76046326   227.03438353   172.1913541
 14600.64611026 11031.00115269 13427.47108717 11218.84055595
 14155.10984105 12345.39473275  7729.98887495 11464.24587524
 14040.84411092 16094.83402587 13412.804649    3154.63249205]
2021-08-24 09:42:02,110 - pyswarms.single.global_best - INFO - Optimize for 30 iters with {'c1': 1.0, 'c2': 1.0, 'w': 0.5}
2021-08-24 09:42:02,376 - numexpr.utils - INFO - Note: NumExpr detected 12 cores but "NUMEXPR_MAX_THREADS" not set, so enforcing safe limit of 8.
2021-08-24 09:42:02,376 - numexpr.utils - INFO - NumExpr defaulting to 8 threads.
2021-08-24 09:42:07,084 - pyswarms.single.global_best - INFO - Optimization finished | best cost: -8419278.384449106, best pos: [  243.39367219   583.61008838   569.08374674   611.14247458
   517.27561169   416.62829941 10556.13498033 14476.65956163
 11827.9672416  13338.72246615 13837.98253829 11094.76006454
 11790.09080037 16488.58387466  8393.80001114 12468.86551855
 12111.21810743 16962.6848411    505.05230236   247.46872017
   726.58453191   655.76046326   227.03438353   172.1913541
 14600.64611026 11031.00115269 13427.47108717 11218.84055595
 14155.10984105 12345.39473275  7729.98887495 11464.24587524
 14040.84411092 16094.83402587 13412.804649    3154.63249205]
2021-08-24 09:47:45,601 - pyswarms.single.global_best - INFO - Optimize for 30 iters with {'c1': 1.0, 'c2': 1.0, 'w': 0.5}
2021-08-24 09:47:45,611 - numexpr.utils - INFO - Note: NumExpr detected 12 cores but "NUMEXPR_MAX_THREADS" not set, so enforcing safe limit of 8.
2021-08-24 09:47:45,612 - numexpr.utils - INFO - NumExpr defaulting to 8 threads.
2021-08-24 09:47:50,286 - pyswarms.single.global_best - INFO - Optimization finished | best cost: -8419278.384449106, best pos: [  243.39367219   583.61008838   569.08374674   611.14247458
   517.27561169   416.62829941 10556.13498033 14476.65956163
 11827.9672416  13338.72246615 13837.98253829 11094.76006454
 11790.09080037 16488.58387466  8393.80001114 12468.86551855
 12111.21810743 16962.6848411    505.05230236   247.46872017
   726.58453191   655.76046326   227.03438353   172.1913541
 14600.64611026 11031.00115269 13427.47108717 11218.84055595
 14155.10984105 12345.39473275  7729.98887495 11464.24587524
 14040.84411092 16094.83402587 13412.804649    3154.63249205]
2021-08-24 15:06:04,025 - pyswarms.single.global_best - INFO - Optimize for 30 iters with {'c1': 1.0, 'c2': 1.0, 'w': 0.5}
2021-08-24 15:06:04,037 - numexpr.utils - INFO - Note: NumExpr detected 12 cores but "NUMEXPR_MAX_THREADS" not set, so enforcing safe limit of 8.
2021-08-24 15:06:04,037 - numexpr.utils - INFO - NumExpr defaulting to 8 threads.
2021-08-24 15:06:08,816 - pyswarms.single.global_best - INFO - Optimization finished | best cost: -8419278.384449106, best pos: [  243.39367219   583.61008838   569.08374674   611.14247458
   517.27561169   416.62829941 10556.13498033 14476.65956163
 11827.9672416  13338.72246615 13837.98253829 11094.76006454
 11790.09080037 16488.58387466  8393.80001114 12468.86551855
 12111.21810743 16962.6848411    505.05230236   247.46872017
   726.58453191   655.76046326   227.03438353   172.1913541
 14600.64611026 11031.00115269 13427.47108717 11218.84055595
 14155.10984105 12345.39473275  7729.98887495 11464.24587524
 14040.84411092 16094.83402587 13412.804649    3154.63249205]
2021-08-24 15:06:50,774 - pyswarms.single.global_best - INFO - Optimize for 30 iters with {'c1': 1.0, 'c2': 1.0, 'w': 0.5}
2021-08-24 15:06:50,786 - numexpr.utils - INFO - Note: NumExpr detected 12 cores but "NUMEXPR_MAX_THREADS" not set, so enforcing safe limit of 8.
2021-08-24 15:06:50,786 - numexpr.utils - INFO - NumExpr defaulting to 8 threads.
2021-08-24 15:06:56,150 - pyswarms.single.global_best - INFO - Optimization finished | best cost: -8419278.384449106, best pos: [  243.39367219   583.61008838   569.08374674   611.14247458
   517.27561169   416.62829941 10556.13498033 14476.65956163
 11827.9672416  13338.72246615 13837.98253829 11094.76006454
 11790.09080037 16488.58387466  8393.80001114 12468.86551855
 12111.21810743 16962.6848411    505.05230236   247.46872017
   726.58453191   655.76046326   227.03438353   172.1913541
 14600.64611026 11031.00115269 13427.47108717 11218.84055595
 14155.10984105 12345.39473275  7729.98887495 11464.24587524
 14040.84411092 16094.83402587 13412.804649    3154.63249205]
2021-08-24 15:07:53,452 - pyswarms.single.global_best - INFO - Optimize for 30 iters with {'c1': 1.0, 'c2': 1.0, 'w': 0.5}
2021-08-24 15:07:53,463 - numexpr.utils - INFO - Note: NumExpr detected 12 cores but "NUMEXPR_MAX_THREADS" not set, so enforcing safe limit of 8.
2021-08-24 15:07:53,463 - numexpr.utils - INFO - NumExpr defaulting to 8 threads.
2021-08-24 15:07:58,178 - pyswarms.single.global_best - INFO - Optimization finished | best cost: -8419278.384449106, best pos: [  243.39367219   583.61008838   569.08374674   611.14247458
   517.27561169   416.62829941 10556.13498033 14476.65956163
 11827.9672416  13338.72246615 13837.98253829 11094.76006454
 11790.09080037 16488.58387466  8393.80001114 12468.86551855
 12111.21810743 16962.6848411    505.05230236   247.46872017
   726.58453191   655.76046326   227.03438353   172.1913541
 14600.64611026 11031.00115269 13427.47108717 11218.84055595
 14155.10984105 12345.39473275  7729.98887495 11464.24587524
 14040.84411092 16094.83402587 13412.804649    3154.63249205]
2021-08-24 15:16:54,501 - pyswarms.single.global_best - INFO - Optimize for 30 iters with {'c1': 1.0, 'c2': 1.0, 'w': 0.5}
2021-08-24 15:16:54,511 - numexpr.utils - INFO - Note: NumExpr detected 12 cores but "NUMEXPR_MAX_THREADS" not set, so enforcing safe limit of 8.
2021-08-24 15:16:54,512 - numexpr.utils - INFO - NumExpr defaulting to 8 threads.
2021-08-24 15:16:59,220 - pyswarms.single.global_best - INFO - Optimization finished | best cost: -8419278.384449106, best pos: [  243.39367219   583.61008838   569.08374674   611.14247458
   517.27561169   416.62829941 10556.13498033 14476.65956163
 11827.9672416  13338.72246615 13837.98253829 11094.76006454
 11790.09080037 16488.58387466  8393.80001114 12468.86551855
 12111.21810743 16962.6848411    505.05230236   247.46872017
   726.58453191   655.76046326   227.03438353   172.1913541
 14600.64611026 11031.00115269 13427.47108717 11218.84055595
 14155.10984105 12345.39473275  7729.98887495 11464.24587524
 14040.84411092 16094.83402587 13412.804649    3154.63249205]
2021-08-24 15:54:56,123 - pyswarms.single.global_best - INFO - Optimize for 30 iters with {'c1': 1.0, 'c2': 1.0, 'w': 0.5}
2021-08-24 15:54:56,135 - numexpr.utils - INFO - Note: NumExpr detected 12 cores but "NUMEXPR_MAX_THREADS" not set, so enforcing safe limit of 8.
2021-08-24 15:54:56,135 - numexpr.utils - INFO - NumExpr defaulting to 8 threads.
2021-08-24 15:55:00,908 - pyswarms.single.global_best - INFO - Optimization finished | best cost: -8419278.384449106, best pos: [  243.39367219   583.61008838   569.08374674   611.14247458
   517.27561169   416.62829941 10556.13498033 14476.65956163
 11827.9672416  13338.72246615 13837.98253829 11094.76006454
 11790.09080037 16488.58387466  8393.80001114 12468.86551855
 12111.21810743 16962.6848411    505.05230236   247.46872017
   726.58453191   655.76046326   227.03438353   172.1913541
 14600.64611026 11031.00115269 13427.47108717 11218.84055595
 14155.10984105 12345.39473275  7729.98887495 11464.24587524
 14040.84411092 16094.83402587 13412.804649    3154.63249205]
2021-08-24 15:55:28,504 - pyswarms.single.global_best - INFO - Optimize for 30 iters with {'c1': 1.0, 'c2': 1.0, 'w': 0.5}
2021-08-24 15:55:28,514 - numexpr.utils - INFO - Note: NumExpr detected 12 cores but "NUMEXPR_MAX_THREADS" not set, so enforcing safe limit of 8.
2021-08-24 15:55:28,514 - numexpr.utils - INFO - NumExpr defaulting to 8 threads.
2021-08-24 15:55:33,386 - pyswarms.single.global_best - INFO - Optimization finished | best cost: -8419278.384449106, best pos: [  243.39367219   583.61008838   569.08374674   611.14247458
   517.27561169   416.62829941 10556.13498033 14476.65956163
 11827.9672416  13338.72246615 13837.98253829 11094.76006454
 11790.09080037 16488.58387466  8393.80001114 12468.86551855
 12111.21810743 16962.6848411    505.05230236   247.46872017
   726.58453191   655.76046326   227.03438353   172.1913541
 14600.64611026 11031.00115269 13427.47108717 11218.84055595
 14155.10984105 12345.39473275  7729.98887495 11464.24587524
 14040.84411092 16094.83402587 13412.804649    3154.63249205]
2021-08-24 19:06:57,695 - pyswarms.single.global_best - INFO - Optimize for 30 iters with {'c1': 1.0, 'c2': 1.0, 'w': 0.5}
2021-08-24 19:06:57,706 - numexpr.utils - INFO - Note: NumExpr detected 12 cores but "NUMEXPR_MAX_THREADS" not set, so enforcing safe limit of 8.
2021-08-24 19:06:57,706 - numexpr.utils - INFO - NumExpr defaulting to 8 threads.
2021-08-24 19:07:02,373 - pyswarms.single.global_best - INFO - Optimization finished | best cost: -8419278.384449106, best pos: [  243.39367219   583.61008838   569.08374674   611.14247458
   517.27561169   416.62829941 10556.13498033 14476.65956163
 11827.9672416  13338.72246615 13837.98253829 11094.76006454
 11790.09080037 16488.58387466  8393.80001114 12468.86551855
 12111.21810743 16962.6848411    505.05230236   247.46872017
   726.58453191   655.76046326   227.03438353   172.1913541
 14600.64611026 11031.00115269 13427.47108717 11218.84055595
 14155.10984105 12345.39473275  7729.98887495 11464.24587524
 14040.84411092 16094.83402587 13412.804649    3154.63249205]
2021-08-24 19:07:26,544 - pyswarms.single.global_best - INFO - Optimize for 30 iters with {'c1': 1.0, 'c2': 1.0, 'w': 0.5}
2021-08-24 19:07:31,185 - pyswarms.single.global_best - INFO - Optimization finished | best cost: -8419278.384449106, best pos: [  243.39367219   583.61008838   569.08374674   611.14247458
   517.27561169   416.62829941 10556.13498033 14476.65956163
 11827.9672416  13338.72246615 13837.98253829 11094.76006454
 11790.09080037 16488.58387466  8393.80001114 12468.86551855
 12111.21810743 16962.6848411    505.05230236   247.46872017
   726.58453191   655.76046326   227.03438353   172.1913541
 14600.64611026 11031.00115269 13427.47108717 11218.84055595
 14155.10984105 12345.39473275  7729.98887495 11464.24587524
 14040.84411092 16094.83402587 13412.804649    3154.63249205]
2021-08-24 19:07:52,683 - pyswarms.single.global_best - INFO - Optimize for 30 iters with {'c1': 1.0, 'c2': 1.0, 'w': 0.5}
2021-08-24 19:07:57,322 - pyswarms.single.global_best - INFO - Optimization finished | best cost: -8419278.384449106, best pos: [  243.39367219   583.61008838   569.08374674   611.14247458
   517.27561169   416.62829941 10556.13498033 14476.65956163
 11827.9672416  13338.72246615 13837.98253829 11094.76006454
 11790.09080037 16488.58387466  8393.80001114 12468.86551855
 12111.21810743 16962.6848411    505.05230236   247.46872017
   726.58453191   655.76046326   227.03438353   172.1913541
 14600.64611026 11031.00115269 13427.47108717 11218.84055595
 14155.10984105 12345.39473275  7729.98887495 11464.24587524
 14040.84411092 16094.83402587 13412.804649    3154.63249205]
2021-08-24 19:09:24,011 - pyswarms.single.global_best - INFO - Optimize for 100 iters with {'c1': 1.0, 'c2': 1.0, 'w': 0.5}
2021-08-24 19:10:24,271 - pyswarms.single.global_best - INFO - Optimization finished | best cost: -8298463.724041544, best pos: [  533.15524107   669.32791538   779.90687148   171.26090522
   517.66018282   624.78674682 11323.59864364 13280.12974646
 14312.17558909 14893.01557096  8472.29804426 11921.99177657
  8460.13543388 12148.96446606  8749.61419349 13250.08130178
 14835.02591557 14243.550356     690.0573995    694.16369864
   666.93649478   203.92568808   802.30758947   158.90172696
 14358.67986272  7469.59255507 11573.69687914 14794.10027797
 14485.42765299 14725.24890808 13106.9314534  10296.40166862
  8564.67048639  4518.99988894 14041.21751098  9716.24490452]
2021-08-24 19:14:36,620 - pyswarms.single.global_best - INFO - Optimize for 30 iters with {'c1': 1.0, 'c2': 1.0, 'w': 0.5}
2021-08-24 19:14:36,636 - numexpr.utils - INFO - Note: NumExpr detected 12 cores but "NUMEXPR_MAX_THREADS" not set, so enforcing safe limit of 8.
2021-08-24 19:14:36,636 - numexpr.utils - INFO - NumExpr defaulting to 8 threads.
2021-08-24 19:14:45,856 - pyswarms.single.global_best - INFO - Optimization finished | best cost: 12608327.205934618, best pos: [  379.07056912   552.08450217   375.52083171    35.56014239
   360.45465613   419.00221604 12437.4545355   8991.88953152
  5890.86211351 10273.53998052  2211.25162794  6498.0858518
  9985.17693051 17482.12717259  2866.30104375  6767.71293849
  7486.51002076  8407.5629066    347.32010201   247.01243458
   202.67701801   352.81633393   454.53461146   509.76960512
  8808.73938858  9909.24540424 14834.69529815 13207.01547791
  4433.89819545  8376.7657897   8953.61509162 16488.77587154
  3549.34241967 14108.50319753  4992.38275747  5313.49740663]
2021-08-24 19:15:45,213 - pyswarms.single.global_best - INFO - Optimize for 100 iters with {'c1': 1.0, 'c2': 1.0, 'w': 0.5}
2021-08-24 19:16:30,647 - pyswarms.single.global_best - INFO - Optimization finished | best cost: 11060628.190213522, best pos: [  284.55943137   126.48331314   363.80386733   174.75853016
   211.30114684   349.94858362 14989.89399526 14058.83678499
 13962.42732836 14913.93787847  7763.06679164  5751.55980329
  3543.70437993  4296.86469865  5790.94311242  6105.27374078
  6576.72790343 14431.58074329   517.05303277   164.94274825
   153.4653852    632.33067201   671.58105939   581.46951039
 13468.745088   12685.751025   10487.73725814  7816.32398981
  2015.46863075  8066.5188279  10931.51219395 14179.07175166
  1088.9419102   3962.23898035  7580.67027533  2578.01915033]
2021-09-04 10:10:35,253 - numexpr.utils - INFO - Note: NumExpr detected 12 cores but "NUMEXPR_MAX_THREADS" not set, so enforcing safe limit of 8.
2021-09-04 10:10:35,253 - numexpr.utils - INFO - NumExpr defaulting to 8 threads.
2021-09-06 23:10:52,235 - pyswarms.single.global_best - INFO - Optimize for 20 iters with {'c1': 1.0, 'c2': 1.0, 'w': 0.5}
2021-09-06 23:10:52,615 - numexpr.utils - INFO - Note: NumExpr detected 12 cores but "NUMEXPR_MAX_THREADS" not set, so enforcing safe limit of 8.
2021-09-06 23:10:52,615 - numexpr.utils - INFO - NumExpr defaulting to 8 threads.
2021-09-06 23:10:54,605 - pyswarms.single.global_best - INFO - Optimization finished | best cost: 13797973.892795175, best pos: [  123.53080626   196.61616121   202.51565631   546.4268924
   651.05295429   607.45769687 13196.11894195 13584.77271619
 13279.78718628 11165.48177136  6398.68778952 13038.96859809
  4632.00872527 10453.12039614 15500.09992186  7243.65102048
 15524.37413628 15942.65624333   272.21698784   233.82379791
   778.86203954   346.4436507    935.26506438   647.23441545
 13002.9940683  12287.76861678  7282.24624649 12723.80906636
 12185.86115896 13779.78349605 12072.39439495 15133.30611057
  8398.33923887 11612.71300655 10746.47622642 15035.25664082]
2021-09-06 23:12:11,625 - pyswarms.single.global_best - INFO - Optimize for 20 iters with {'c1': 1.0, 'c2': 1.0, 'w': 0.5}
2021-09-06 23:12:17,915 - pyswarms.single.global_best - INFO - Optimization finished | best cost: 13495564.377267476, best pos: [  120.63660105   114.61725526    21.55651826   585.31608221
   609.35135414   632.45727307 14601.48142996 14915.52318505
 10056.69485009 11248.55456712  2212.03565019  8492.67770215
 11177.12401991 15171.64311684 12277.27701806 17142.46191138
  7022.09916359 10424.28234353   425.26379573   109.49394516
   136.71533381   530.53467765   957.46486401   521.94500766
 14432.37989162 13622.76473934  8432.23266663  5343.42213581
  8926.36826886 13519.44989914 13706.56345552 11981.41111892
  7556.91572602  5147.49813661 11116.03099739  9544.75511454]
2021-09-06 23:23:40,395 - pyswarms.single.global_best - INFO - Optimize for 30 iters with {'c1': 1.0, 'c2': 1.0, 'w': 0.5}
2021-09-06 23:23:40,405 - numexpr.utils - INFO - Note: NumExpr detected 12 cores but "NUMEXPR_MAX_THREADS" not set, so enforcing safe limit of 8.
2021-09-06 23:23:40,405 - numexpr.utils - INFO - NumExpr defaulting to 8 threads.
2021-09-06 23:23:45,153 - pyswarms.single.global_best - INFO - Optimization finished | best cost: 16011197.573724145, best pos: [  194.49350835   501.63519831   291.55069605   557.61358351
   612.5617468    517.07829162  5732.04922417  7001.92151989
  7249.31601614 12969.07220954 11973.11254338 13070.51268632
 16671.86148311 15502.58679515  8834.39260797  9593.17821589
 12664.44725978 16292.6673459     72.97411375   440.24722406
   406.25787167   877.39236176   305.48548141   766.69981041
 14114.45186335  8084.63891935 14360.07415335  5471.25786087
  9221.04087952 10463.23433765 11641.45427022  7661.03552995
 13055.81807066  5180.04734927 12619.28945615  7501.99397016]
2021-09-06 23:24:08,895 - pyswarms.backend.generators - ERROR - Bounds and/or init_pos should be of size (36,)
Traceback (most recent call last):
  File "C:\Users\Erick\anaconda3\lib\site-packages\pyswarms\backend\generators.py", line 65, in generate_swarm
    np.all(bounds[0] <= init_pos) and np.all(init_pos <= bounds[1])
ValueError: operands could not be broadcast together with shapes (36,) (6,6) 
2021-09-06 23:32:48,422 - pyswarms.single.global_best - INFO - Optimize for 30 iters with {'c1': 1.0, 'c2': 1.0, 'w': 0.5}
2021-09-06 23:32:48,438 - numexpr.utils - INFO - Note: NumExpr detected 12 cores but "NUMEXPR_MAX_THREADS" not set, so enforcing safe limit of 8.
2021-09-06 23:32:48,438 - numexpr.utils - INFO - NumExpr defaulting to 8 threads.
2021-09-06 23:35:51,185 - pyswarms.single.global_best - INFO - Optimize for 30 iters with {'c1': 1.0, 'c2': 1.0, 'w': 0.5}
2021-09-06 23:35:51,185 - numexpr.utils - INFO - Note: NumExpr detected 12 cores but "NUMEXPR_MAX_THREADS" not set, so enforcing safe limit of 8.
2021-09-06 23:35:51,185 - numexpr.utils - INFO - NumExpr defaulting to 8 threads.
2021-09-06 23:35:55,898 - pyswarms.single.global_best - INFO - Optimization finished | best cost: 1990346.867922471, best pos: [13.45702618  4.59518637 11.07895297 10.24285157 10.95577206 11.11483416
 10.86781202  8.59312764  7.09801769 10.24784484 10.76188886 11.36483167
  1.2881905   8.70423414 10.8609703   7.08396631  7.48465775  7.9714085
  9.91330394 14.81551278 10.07377268  5.31562911 13.63384148  9.08095068
  6.96210323 12.57431039 16.86964704  9.46724308  3.72305156 11.06537775
  6.66767007  9.53314196 13.60611106 10.14225758  5.45154029  1.94459043]
2021-09-06 23:38:47,483 - pyswarms.single.global_best - INFO - Optimize for 30 iters with {'c1': 1.0, 'c2': 1.0, 'w': 0.5}
2021-09-06 23:38:47,498 - numexpr.utils - INFO - Note: NumExpr detected 12 cores but "NUMEXPR_MAX_THREADS" not set, so enforcing safe limit of 8.
2021-09-06 23:38:47,498 - numexpr.utils - INFO - NumExpr defaulting to 8 threads.
2021-09-06 23:38:52,157 - pyswarms.single.global_best - INFO - Optimization finished | best cost: 977832.855068272, best pos: [  9.2431214    0.96067243   9.69129305   9.35787975  12.18131209
 900.10381861   7.32685325  11.80757456  12.09494994   8.26873006
  12.14466318  11.10390224   3.9042164    4.45421418   8.12808023
   5.33920809   2.1694014    8.27787515  13.23890357  13.12663497
   7.80857522   7.56911981  10.19318841   6.50786197   8.22390532
  17.13354073   6.19927527   7.11143726   5.25457013   7.9051639
   9.84231364   5.45128617  12.63987359   5.87798953   7.51774457
   9.73519748]
2021-09-06 23:40:20,034 - pyswarms.single.global_best - INFO - Optimize for 30 iters with {'c1': 1.0, 'c2': 1.0, 'w': 0.5}
2021-09-06 23:40:24,753 - pyswarms.single.global_best - INFO - Optimization finished | best cost: 977832.855068272, best pos: [  9.2431214    0.96067243   9.69129305   9.35787975  12.18131209
 900.10381861   7.32685325  11.80757456  12.09494994   8.26873006
  12.14466318  11.10390224   3.9042164    4.45421418   8.12808023
   5.33920809   2.1694014    8.27787515  13.23890357  13.12663497
   7.80857522   7.56911981  10.19318841   6.50786197   8.22390532
  17.13354073   6.19927527   7.11143726   5.25457013   7.9051639
   9.84231364   5.45128617  12.63987359   5.87798953   7.51774457
   9.73519748]
2021-09-06 23:46:30,098 - pyswarms.single.global_best - INFO - Optimize for 30 iters with {'c1': 1.0, 'c2': 1.0, 'w': 0.5}
2021-09-06 23:46:30,113 - numexpr.utils - INFO - Note: NumExpr detected 12 cores but "NUMEXPR_MAX_THREADS" not set, so enforcing safe limit of 8.
2021-09-06 23:46:30,113 - numexpr.utils - INFO - NumExpr defaulting to 8 threads.
2021-09-06 23:46:34,801 - pyswarms.single.global_best - INFO - Optimization finished | best cost: -22167.144931728028, best pos: [  9.2431214    0.96067243   9.69129305   9.35787975  12.18131209
 900.10381861   7.32685325  11.80757456  12.09494994   8.26873006
  12.14466318  11.10390224   3.9042164    4.45421418   8.12808023
   5.33920809   2.1694014    8.27787515  13.23890357  13.12663497
   7.80857522   7.56911981  10.19318841   6.50786197   8.22390532
  17.13354073   6.19927527   7.11143726   5.25457013   7.9051639
   9.84231364   5.45128617  12.63987359   5.87798953   7.51774457
   9.73519748]
2021-09-06 23:47:26,724 - pyswarms.single.global_best - INFO - Optimize for 20 iters with {'c1': 1.0, 'c2': 1.0, 'w': 0.5}
2021-09-06 23:47:39,038 - pyswarms.single.global_best - INFO - Optimization finished | best cost: -67389.68658475074, best pos: [   8.91430607    3.33375734   10.67496182    6.59620075   11.01618044
  156.60099554    7.19596656   10.40762264    9.8702381     4.49872901
    7.85687       8.03590942 2388.18237813    4.58206906    9.92934605
    3.01572296    6.67856185    9.33560737   10.98626839   11.93381983
  730.08124686    4.92647734    8.29541073    4.95240221    7.076553
   11.63904541    6.49159337    8.22763985    5.600465      6.98068204
    7.27501126    6.21208673    5.41699432   10.21509058    9.14824371
    5.71856697]
2021-09-06 23:52:41,391 - pyswarms.single.global_best - INFO - Optimize for 20 iters with {'c1': 1.0, 'c2': 1.0, 'w': 0.5}
2021-09-06 23:52:41,406 - numexpr.utils - INFO - Note: NumExpr detected 12 cores but "NUMEXPR_MAX_THREADS" not set, so enforcing safe limit of 8.
2021-09-06 23:52:41,406 - numexpr.utils - INFO - NumExpr defaulting to 8 threads.
2021-09-06 23:52:53,648 - pyswarms.single.global_best - INFO - Optimization finished | best cost: -5252.724322211171, best pos: [7.22316727 2.70801843 6.38549139 4.60343672 4.57603386 8.96781911
 3.03970646 9.8241701  7.20631476 1.30057148 1.48289832 3.27829278
 9.24809597 1.37628788 8.69099582 9.33917688 0.99190823 8.79592416
 4.92621654 0.65897247 3.1233214  9.46835546 3.65986486 7.40386783
 7.68630701 1.83464094 1.4577909  1.53078429 9.93756311 9.99288868
 5.03603935 6.44349505 6.03779741 4.18112271 8.22559375 4.84162701]
2021-09-06 23:54:54,469 - pyswarms.single.global_best - INFO - Optimize for 20 iters with {'c1': 1.0, 'c2': 1.0, 'w': 0.5}
2021-09-06 23:55:06,685 - pyswarms.single.global_best - INFO - Optimization finished | best cost: -5252.724322211171, best pos: [7.22316727 2.70801843 6.38549139 4.60343672 4.57603386 8.96781911
 3.03970646 9.8241701  7.20631476 1.30057148 1.48289832 3.27829278
 9.24809597 1.37628788 8.69099582 9.33917688 0.99190823 8.79592416
 4.92621654 0.65897247 3.1233214  9.46835546 3.65986486 7.40386783
 7.68630701 1.83464094 1.4577909  1.53078429 9.93756311 9.99288868
 5.03603935 6.44349505 6.03779741 4.18112271 8.22559375 4.84162701]
2021-09-06 23:56:46,951 - pyswarms.single.global_best - INFO - Optimize for 20 iters with {'c1': 1.0, 'c2': 1.0, 'w': 0.5}
2021-09-06 23:56:46,966 - numexpr.utils - INFO - Note: NumExpr detected 12 cores but "NUMEXPR_MAX_THREADS" not set, so enforcing safe limit of 8.
2021-09-06 23:56:46,966 - numexpr.utils - INFO - NumExpr defaulting to 8 threads.
2021-09-06 23:56:59,278 - pyswarms.single.global_best - INFO - Optimization finished | best cost: -653286.639725273, best pos: [  41.41449242   51.02797881   40.018472     25.0069055    72.14932891
   30.46446271  108.53834536  115.23015278   83.03727722   58.23422784
   46.94836275   17.43991005 1899.17106168   77.68095357   77.86779503
   48.11856765  107.76005156   75.267152     54.18268787   52.25713304
  152.06535973   62.51369652   84.61624085   41.37097376   31.4626254
   55.60070069   86.29066043 9446.94428342   76.57811129   46.75827043
   47.21452271   76.92277724 5247.14118499   45.85501208   90.50460974
 9673.67037612]
2021-09-07 02:51:06,000 - pyswarms.single.global_best - INFO - Optimize for 20 iters with {'c1': 1.5, 'c2': 2.5, 'w': 0.9}
2021-09-07 02:51:18,352 - pyswarms.single.global_best - INFO - Optimization finished | best cost: -88009.95454585465, best pos: [113.26075457 167.23035774  33.85646553   5.86383062  34.79872578
 100.24387559 185.26854204 103.0084949  104.9634123  184.67011051
  40.29531647 100.9344627   10.51908893 129.8870006   64.2627365
  94.79511708   6.58787073 211.05469863  72.54524378   9.31792232
 223.8631238  140.40228531  82.94168661  11.20052922  83.13536407
  55.33047955 139.73614909   9.17442014  26.07307206  92.32360175
  43.38556806  74.74105944  10.9755961   48.57434301 107.43916667
  25.50835545]
2021-09-07 02:52:21,575 - pyswarms.single.global_best - INFO - Optimize for 20 iters with {'c1': 1.0, 'c2': 1.5, 'w': 0.9}
2021-09-07 02:52:34,026 - pyswarms.single.global_best - INFO - Optimization finished | best cost: -511559.7742123776, best pos: [ 100.03206423   14.9802647    16.19318121   49.80619411  144.26298554
  108.21552244  105.17711633  101.57721126   68.33490176  149.05959613
  107.83457506 6809.03101088   37.95206766   93.75603053   64.62035965
   43.06189909   12.63370962  174.87418093  150.51590411   14.8742873
  119.63655316   71.36997113  101.77032376   55.08988536   46.50706772
   31.96229758  167.11997094 3930.58816927   65.32677232  235.60355374
   73.44263609  169.6341718  4644.76474285 4473.9627669   131.79530726
  992.8998222 ]
2021-09-07 02:53:38,295 - pyswarms.single.global_best - INFO - Optimize for 20 iters with {'c1': 1.0, 'c2': 1.0, 'w': 0.5}
2021-09-07 02:53:51,125 - pyswarms.single.global_best - INFO - Optimization finished | best cost: -653286.639725273, best pos: [  41.41449242   51.02797881   40.018472     25.0069055    72.14932891
   30.46446271  108.53834536  115.23015278   83.03727722   58.23422784
   46.94836275   17.43991005 1899.17106168   77.68095357   77.86779503
   48.11856765  107.76005156   75.267152     54.18268787   52.25713304
  152.06535973   62.51369652   84.61624085   41.37097376   31.4626254
   55.60070069   86.29066043 9446.94428342   76.57811129   46.75827043
   47.21452271   76.92277724 5247.14118499   45.85501208   90.50460974
 9673.67037612]
2021-09-07 03:32:48,818 - pyswarms.single.global_best - INFO - Optimize for 20 iters with {'c1': 1.0, 'c2': 1.0, 'w': 1.5}
2021-09-07 03:33:01,352 - pyswarms.single.global_best - INFO - Optimization finished | best cost: -88963.18824939828, best pos: [ 81.40138023  65.57465004  37.17296794  40.61439135  78.92639341
  42.13642681 204.40677686  93.13525184  99.79573097 135.69339197
 101.59599002  55.18251381   3.21846069 102.08755766 127.29992053
  52.42143525  87.34212063  91.35962939 223.57406512  89.44492541
 100.27074116  71.63096595  70.28567847  45.07005321  55.07423099
  62.15094454 147.21125022  12.26675754  58.46539171 142.45244098
  54.17108179 118.13878838  15.26400275  45.1387678  178.9251404
   4.18167073]
2021-09-07 10:53:02,477 - pyswarms.single.global_best - INFO - Optimize for 20 iters with {'c1': 1.0, 'c2': 1.0, 'w': 0.5}
2021-09-07 10:53:02,727 - numexpr.utils - INFO - Note: NumExpr detected 12 cores but "NUMEXPR_MAX_THREADS" not set, so enforcing safe limit of 8.
2021-09-07 10:53:02,727 - numexpr.utils - INFO - NumExpr defaulting to 8 threads.
2021-09-07 10:53:15,510 - pyswarms.single.global_best - INFO - Optimization finished | best cost: -653286.639725273, best pos: [  41.41449242   51.02797881   40.018472     25.0069055    72.14932891
   30.46446271  108.53834536  115.23015278   83.03727722   58.23422784
   46.94836275   17.43991005 1899.17106168   77.68095357   77.86779503
   48.11856765  107.76005156   75.267152     54.18268787   52.25713304
  152.06535973   62.51369652   84.61624085   41.37097376   31.4626254
   55.60070069   86.29066043 9446.94428342   76.57811129   46.75827043
   47.21452271   76.92277724 5247.14118499   45.85501208   90.50460974
 9673.67037612]
