2021-07-23 10:36:21,675 - pyswarms.single.global_best - INFO - Optimize for 30 iters with {'c1': 1.0, 'c2': 1.0, 'w': 0.5}
2021-07-23 10:36:54,823 - pyswarms.single.global_best - INFO - Optimize for 30 iters with {'c1': 1.0, 'c2': 1.0, 'w': 0.5}
2021-07-23 10:37:15,927 - pyswarms.single.global_best - INFO - Optimize for 30 iters with {'c1': 1.0, 'c2': 1.0, 'w': 0.5}
2021-07-23 10:37:33,296 - pyswarms.single.global_best - INFO - Optimize for 30 iters with {'c1': 1.0, 'c2': 1.0, 'w': 0.5}
2021-07-23 10:37:33,597 - numexpr.utils - INFO - NumExpr defaulting to 4 threads.
2021-07-23 10:37:41,430 - pyswarms.single.global_best - INFO - Optimization finished | best cost: -8419278.384449106, best pos: [  243.39367219   583.61008838   569.08374674   611.14247458
   517.27561169   416.62829941 10556.13498033 14476.65956163
 11827.9672416  13338.72246615 13837.98253829 11094.76006454
 11790.09080037 16488.58387466  8393.80001114 12468.86551855
 12111.21810743 16962.6848411    505.05230236   247.46872017
   726.58453191   655.76046326   227.03438353   172.1913541
 14600.64611026 11031.00115269 13427.47108717 11218.84055595
 14155.10984105 12345.39473275  7729.98887495 11464.24587524
 14040.84411092 16094.83402587 13412.804649    3154.63249205]
2021-07-23 10:37:42,494 - pyswarms.single.global_best - INFO - Optimize for 30 iters with {'c1': 1.0, 'c2': 1.0, 'w': 0.5}
2021-07-23 10:37:50,502 - pyswarms.single.global_best - INFO - Optimization finished | best cost: -8419278.384449106, best pos: [  243.39367219   583.61008838   569.08374674   611.14247458
   517.27561169   416.62829941 10556.13498033 14476.65956163
 11827.9672416  13338.72246615 13837.98253829 11094.76006454
 11790.09080037 16488.58387466  8393.80001114 12468.86551855
 12111.21810743 16962.6848411    505.05230236   247.46872017
   726.58453191   655.76046326   227.03438353   172.1913541
 14600.64611026 11031.00115269 13427.47108717 11218.84055595
 14155.10984105 12345.39473275  7729.98887495 11464.24587524
 14040.84411092 16094.83402587 13412.804649    3154.63249205]
2021-07-23 10:39:08,080 - pyswarms.single.global_best - INFO - Optimize for 30 iters with {'c1': 1.0, 'c2': 1.0, 'w': 0.5}
2021-07-23 10:39:16,038 - pyswarms.single.global_best - INFO - Optimization finished | best cost: -8419278.384449106, best pos: [  243.39367219   583.61008838   569.08374674   611.14247458
   517.27561169   416.62829941 10556.13498033 14476.65956163
 11827.9672416  13338.72246615 13837.98253829 11094.76006454
 11790.09080037 16488.58387466  8393.80001114 12468.86551855
 12111.21810743 16962.6848411    505.05230236   247.46872017
   726.58453191   655.76046326   227.03438353   172.1913541
 14600.64611026 11031.00115269 13427.47108717 11218.84055595
 14155.10984105 12345.39473275  7729.98887495 11464.24587524
 14040.84411092 16094.83402587 13412.804649    3154.63249205]
